C51 COMPILER V9.54   MAIN                                                                  01/30/2019 21:28:33 PAGE 1   


C51 COMPILER V9.54, COMPILATION OF MODULE MAIN
OBJECT MODULE PLACED IN .\Objects\main.obj
COMPILER INVOKED BY: C:\Keil_v5\C51\BIN\C51.EXE main.c OPTIMIZE(8,SPEED) BROWSE DEBUG OBJECTEXTEND PRINT(.\Listings\main
                    -.lst) TABS(2) OBJECT(.\Objects\main.obj)

line level    source

   1          /**********************51单片机学习例程************************
   2          *  platform:Keil U5 + STC89C52
   3          *  name:UART发送字符串——Hello,World
   4          *  author:Liya
   5          *  date:2019-01-30
   6          ******************************************************************/
   7          
   8          #include <reg52.h>
   9          #define JINGZHEN     11059200UL                   /*使用11.0592M晶体*/         
  10          #define BOTELV   9600UL                          /*波特率定义为9600*/
  11          unsigned char String1[]="Hello,World!";                 //待显示字符串1
  12          unsigned char String2[]="I will do my best!";           //待显示字符串2
  13          
  14          void delay(unsigned char i)
  15          {
  16   1          unsigned char j,k;
  17   1          for(j=i;j>0;j--)
  18   1              for(k=210;k>0;k--);
  19   1      }
  20          
  21          void init(void)                                //串口初始化
  22          {
  23   1          EA=0; //暂时关闭中断
  24   1          TMOD&=0x0F;  //定时器1模式控制在高4位
  25   1          TMOD|=0x20;    //定时器1工作在模式2，自动重装模式
  26   1          SCON=0x50;     //串口工作在模式1
  27   1          TH1=256-JINGZHEN/(BOTELV*12*16);  //计算定时器重装值
  28   1          TL1=256-JINGZHEN/(BOTELV*12*16);
  29   1          PCON|=0x80;    //串口波特率加倍
  30   1          ES=1;         //串行中断允许
  31   1          TR1=1;        //启动定时器1
  32   1          REN=1;        //允许接收 
  33   1          EA=1;         //允许中断
  34   1      }
  35          
  36          void send(unsigned char d)  //发送一个字节的数据，形参d即为待发送数据。
  37          {
  38   1       
  39   1          SBUF=d; //将数据写入到串口缓冲
  40   1          while(!TI);
  41   1      }
  42          
  43          void sendc(unsigned char * pd)
  44          {
  45   1          while((*pd)!='\0') //发送字符串，直到遇到0才结束
  46   1          {
  47   2              send(*pd); //发送一个字符
  48   2              pd++;  //移动到下一个字符
  49   2          }
  50   1      }
  51          
  52          int main()
  53          {
  54   1          init();
C51 COMPILER V9.54   MAIN                                                                  01/30/2019 21:28:33 PAGE 2   

  55   1      
  56   1          sendc(String1);
  57   1          delay(2000);
  58   1          sendc(String2);
  59   1      
  60   1          return(0);
  61   1      }
  62          
  63          void uartinterrupt(void) interrupt 4                 //串口发送中断
  64          {
  65   1          if (RI)      //收到数据
  66   1          {
  67   2              RI=0;   //清空收到数据标志
  68   2          }
  69   1          if (TI)     //发送完一字节数据
  70   1          {
  71   2              TI=0;   //清空发送数据标志
  72   2          }
  73   1      }


MODULE INFORMATION:   STATIC OVERLAYABLE
   CODE SIZE        =    107    ----
   CONSTANT SIZE    =   ----    ----
   XDATA SIZE       =   ----    ----
   PDATA SIZE       =   ----    ----
   DATA SIZE        =     32    ----
   IDATA SIZE       =   ----    ----
   BIT SIZE         =   ----    ----
END OF MODULE INFORMATION.


C51 COMPILATION COMPLETE.  0 WARNING(S),  0 ERROR(S)
